{"/Users/jcoy/workspace/redux-easy-actions/src/EasyAction.ts": {"path":"/Users/jcoy/workspace/redux-easy-actions/src/EasyAction.ts","statementMap":{"0":{"start":{"line":18,"column":4},"end":{"line":26,"column":4}},"1":{"start":{"line":25,"column":24},"end":{"line":25,"column":35}},"2":{"start":{"line":19,"column":22},"end":{"line":19,"column":47}},"3":{"start":{"line":20,"column":22},"end":{"line":20,"column":53}},"4":{"start":{"line":21,"column":22},"end":{"line":21,"column":51}},"5":{"start":{"line":22,"column":22},"end":{"line":22,"column":47}},"6":{"start":{"line":24,"column":22},"end":{"line":24,"column":33}},"7":{"start":{"line":26,"column":4},"end":{"line":26,"column":5}},"8":{"start":{"line":28,"column":4},"end":{"line":28,"column":63}},"9":{"start":{"line":17,"column":0},"end":{"line":29,"column":1}}},"fnMap":{"0":{"name":"EasyAction","decl":{"start":{"line":17,"column":16},"end":{"line":17,"column":26}},"loc":{"start":{"line":17,"column":51},"end":{"line":29,"column":1}}},"1":{"name":"(anonymous_1)","decl":{"start":{"line":18,"column":4},"end":{"line":null,"column":-1}},"loc":{"start":{"line":18,"column":4},"end":{"line":18,"column":3}}}},"branchMap":{},"s":{"0":6,"1":14,"2":6,"3":6,"4":6,"5":6,"6":6,"7":6,"8":6,"9":4},"f":{"0":6,"1":20},"b":{}}
,"/Users/jcoy/workspace/redux-easy-actions/src/Helpers.ts": {"path":"/Users/jcoy/workspace/redux-easy-actions/src/Helpers.ts","statementMap":{"0":{"start":{"line":41,"column":4},"end":{"line":41,"column":43}},"1":{"start":{"line":36,"column":0},"end":{"line":42,"column":1}},"2":{"start":{"line":49,"column":4},"end":{"line":49,"column":46}},"3":{"start":{"line":44,"column":0},"end":{"line":50,"column":1}},"4":{"start":{"line":57,"column":4},"end":{"line":57,"column":48}},"5":{"start":{"line":52,"column":0},"end":{"line":58,"column":1}},"6":{"start":{"line":65,"column":4},"end":{"line":65,"column":46}},"7":{"start":{"line":60,"column":0},"end":{"line":66,"column":1}},"8":{"start":{"line":73,"column":4},"end":{"line":73,"column":49}},"9":{"start":{"line":68,"column":0},"end":{"line":74,"column":1}}},"fnMap":{"0":{"name":"isAction","decl":{"start":{"line":36,"column":16},"end":{"line":36,"column":24}},"loc":{"start":{"line":39,"column":64},"end":{"line":42,"column":1}}},"1":{"name":"beforeStart","decl":{"start":{"line":44,"column":16},"end":{"line":44,"column":27}},"loc":{"start":{"line":47,"column":64},"end":{"line":50,"column":1}}},"2":{"name":"afterSuccess","decl":{"start":{"line":52,"column":16},"end":{"line":52,"column":28}},"loc":{"start":{"line":55,"column":64},"end":{"line":58,"column":1}}},"3":{"name":"afterError","decl":{"start":{"line":60,"column":16},"end":{"line":60,"column":26}},"loc":{"start":{"line":63,"column":64},"end":{"line":66,"column":1}}},"4":{"name":"afterComplete","decl":{"start":{"line":68,"column":16},"end":{"line":68,"column":29}},"loc":{"start":{"line":71,"column":64},"end":{"line":74,"column":1}}}},"branchMap":{},"s":{"0":2,"1":2,"2":3,"3":2,"4":3,"5":2,"6":3,"7":2,"8":3,"9":2},"f":{"0":2,"1":3,"2":3,"3":3,"4":3},"b":{}}
,"/Users/jcoy/workspace/redux-easy-actions/src/Middleware.ts": {"path":"/Users/jcoy/workspace/redux-easy-actions/src/Middleware.ts","statementMap":{"0":{"start":{"line":2,"column":0},"end":{"line":2,"column":26}},"1":{"start":{"line":8,"column":50},"end":{"line":10,"column":1}},"2":{"start":{"line":12,"column":13},"end":{"line":51,"column":5}},"3":{"start":{"line":13,"column":4},"end":{"line":51,"column":5}},"4":{"start":{"line":13,"column":6},"end":{"line":13,"column":14}},"5":{"start":{"line":13,"column":16},"end":{"line":13,"column":24}},"6":{"start":{"line":13,"column":30},"end":{"line":51,"column":5}},"7":{"start":{"line":13,"column":40},"end":{"line":51,"column":5}},"8":{"start":{"line":15,"column":12},"end":{"line":15,"column":36}},"9":{"start":{"line":18,"column":31},"end":{"line":18,"column":55}},"10":{"start":{"line":19,"column":8},"end":{"line":50,"column":9}},"11":{"start":{"line":20,"column":35},"end":{"line":20,"column":67}},"12":{"start":{"line":22,"column":41},"end":{"line":22,"column":69}},"13":{"start":{"line":23,"column":12},"end":{"line":47,"column":13}},"14":{"start":{"line":24,"column":16},"end":{"line":29,"column":17}},"15":{"start":{"line":25,"column":20},"end":{"line":28,"column":22}},"16":{"start":{"line":30,"column":16},"end":{"line":44,"column":23}},"17":{"start":{"line":31,"column":50},"end":{"line":35,"column":22}},"18":{"start":{"line":36,"column":49},"end":{"line":40,"column":22}},"19":{"start":{"line":41,"column":35},"end":{"line":44,"column":22}},"20":{"start":{"line":46,"column":16},"end":{"line":46,"column":48}},"21":{"start":{"line":49,"column":12},"end":{"line":49,"column":31}},"22":{"start":{"line":53,"column":33},"end":{"line":61,"column":1}},"23":{"start":{"line":54,"column":28},"end":{"line":54,"column":30}},"24":{"start":{"line":55,"column":4},"end":{"line":59,"column":10}},"25":{"start":{"line":56,"column":25},"end":{"line":56,"column":48}},"26":{"start":{"line":58,"column":12},"end":{"line":58,"column":38}},"27":{"start":{"line":60,"column":4},"end":{"line":60,"column":21}}},"fnMap":{"0":{"name":"(anonymous_2)","decl":{"start":{"line":12,"column":37},"end":{"line":12,"column":37}},"loc":{"start":{"line":12,"column":82},"end":{"line":51,"column":5}}},"1":{"name":"(anonymous_3)","decl":{"start":{"line":13,"column":4},"end":{"line":13,"column":4}},"loc":{"start":{"line":13,"column":25},"end":{"line":51,"column":5}}},"2":{"name":"(anonymous_4)","decl":{"start":{"line":13,"column":30},"end":{"line":13,"column":30}},"loc":{"start":{"line":13,"column":35},"end":{"line":51,"column":5}}},"3":{"name":"(anonymous_5)","decl":{"start":{"line":13,"column":40},"end":{"line":13,"column":40}},"loc":{"start":{"line":13,"column":47},"end":{"line":51,"column":5}}},"4":{"name":"(anonymous_6)","decl":{"start":{"line":31,"column":26},"end":{"line":31,"column":26}},"loc":{"start":{"line":31,"column":45},"end":{"line":35,"column":22}}},"5":{"name":"(anonymous_7)","decl":{"start":{"line":36,"column":27},"end":{"line":36,"column":27}},"loc":{"start":{"line":36,"column":44},"end":{"line":40,"column":22}}},"6":{"name":"(anonymous_8)","decl":{"start":{"line":41,"column":29},"end":{"line":41,"column":34}},"loc":{"start":{"line":41,"column":29},"end":{"line":44,"column":22}}},"7":{"name":"(anonymous_9)","decl":{"start":{"line":53,"column":33},"end":{"line":53,"column":33}},"loc":{"start":{"line":53,"column":42},"end":{"line":61,"column":1}}},"8":{"name":"(anonymous_10)","decl":{"start":{"line":56,"column":16},"end":{"line":56,"column":16}},"loc":{"start":{"line":56,"column":20},"end":{"line":56,"column":48}}},"9":{"name":"(anonymous_11)","decl":{"start":{"line":57,"column":17},"end":{"line":57,"column":17}},"loc":{"start":{"line":57,"column":21},"end":{"line":59,"column":9}}}},"branchMap":{"0":{"loc":{"start":{"line":19,"column":8},"end":{"line":50,"column":9}},"type":"if","locations":[{"start":{"line":19,"column":8},"end":{"line":50,"column":9}},{"start":{"line":19,"column":8},"end":{"line":50,"column":9}}]},"1":{"loc":{"start":{"line":23,"column":12},"end":{"line":47,"column":13}},"type":"if","locations":[{"start":{"line":23,"column":12},"end":{"line":47,"column":13}},{"start":{"line":23,"column":12},"end":{"line":47,"column":13}}]},"2":{"loc":{"start":{"line":24,"column":16},"end":{"line":29,"column":17}},"type":"if","locations":[{"start":{"line":24,"column":16},"end":{"line":29,"column":17}},{"start":{"line":24,"column":16},"end":{"line":29,"column":17}}]},"3":{"loc":{"start":{"line":31,"column":50},"end":{"line":31,"column":74}},"type":"binary-expr","locations":[{"start":{"line":31,"column":50},"end":{"line":31,"column":74}},{"start":{"line":31,"column":78},"end":{"line":35,"column":22}}]},"4":{"loc":{"start":{"line":36,"column":49},"end":{"line":36,"column":73}},"type":"binary-expr","locations":[{"start":{"line":36,"column":49},"end":{"line":36,"column":73}},{"start":{"line":36,"column":77},"end":{"line":40,"column":22}}]},"5":{"loc":{"start":{"line":41,"column":35},"end":{"line":41,"column":59}},"type":"binary-expr","locations":[{"start":{"line":41,"column":35},"end":{"line":41,"column":59}},{"start":{"line":41,"column":63},"end":{"line":44,"column":22}}]}},"s":{"0":2,"1":2,"2":2,"3":13,"4":13,"5":13,"6":13,"7":13,"8":13,"9":13,"10":13,"11":11,"12":11,"13":11,"14":10,"15":8,"16":10,"17":7,"18":3,"19":10,"20":1,"21":2,"22":2,"23":11,"24":11,"25":44,"26":23,"27":11},"f":{"0":13,"1":13,"2":13,"3":13,"4":7,"5":3,"6":10,"7":11,"8":44,"9":23},"b":{"0":[11,2],"1":[10,1],"2":[8,2],"3":[7,6],"4":[3,2],"5":[10,8]}}
,"/Users/jcoy/workspace/redux-easy-actions/src/redux-easy-actions.ts": {"path":"/Users/jcoy/workspace/redux-easy-actions/src/redux-easy-actions.ts","statementMap":{"0":{"start":{"line":5,"column":0},"end":{"line":5,"column":38}},"1":{"start":{"line":6,"column":0},"end":{"line":6,"column":49}},"2":{"start":{"line":7,"column":0},"end":{"line":7,"column":87}},"3":{"start":{"line":9,"column":0},"end":{"line":17,"column":1}}},"fnMap":{},"branchMap":{},"s":{"0":1,"1":1,"2":1,"3":1},"f":{},"b":{}}
}
