TN:
SF:/Users/jcoy/workspace/redux-easy-actions-lib/src/EasyAction.ts
FN:17,EasyAction
FN:18,(anonymous_1)
FNF:2
FNH:2
FNDA:6,EasyAction
FNDA:20,(anonymous_1)
DA:17,4
DA:18,6
DA:19,6
DA:20,6
DA:21,6
DA:22,6
DA:24,6
DA:25,14
DA:26,6
DA:28,6
LF:10
LH:10
BRF:0
BRH:0
end_of_record
TN:
SF:/Users/jcoy/workspace/redux-easy-actions-lib/src/Helpers.ts
FN:36,isAction
FN:44,beforeStart
FN:52,afterSuccess
FN:60,afterError
FN:68,afterComplete
FNF:5
FNH:5
FNDA:2,isAction
FNDA:3,beforeStart
FNDA:3,afterSuccess
FNDA:3,afterError
FNDA:3,afterComplete
DA:36,2
DA:41,2
DA:44,2
DA:49,3
DA:52,2
DA:57,3
DA:60,2
DA:65,3
DA:68,2
DA:73,3
LF:10
LH:10
BRF:0
BRH:0
end_of_record
TN:
SF:/Users/jcoy/workspace/redux-easy-actions-lib/src/Middleware.ts
FN:12,(anonymous_2)
FN:13,(anonymous_3)
FN:13,(anonymous_4)
FN:13,(anonymous_5)
FN:31,(anonymous_6)
FN:36,(anonymous_7)
FN:41,(anonymous_8)
FN:53,(anonymous_9)
FN:56,(anonymous_10)
FN:57,(anonymous_11)
FNF:10
FNH:10
FNDA:13,(anonymous_2)
FNDA:13,(anonymous_3)
FNDA:13,(anonymous_4)
FNDA:13,(anonymous_5)
FNDA:7,(anonymous_6)
FNDA:3,(anonymous_7)
FNDA:10,(anonymous_8)
FNDA:11,(anonymous_9)
FNDA:44,(anonymous_10)
FNDA:23,(anonymous_11)
DA:2,2
DA:8,2
DA:12,2
DA:13,13
DA:15,13
DA:18,13
DA:19,13
DA:20,11
DA:22,11
DA:23,11
DA:24,10
DA:25,8
DA:30,10
DA:31,7
DA:36,3
DA:41,10
DA:46,1
DA:49,2
DA:53,2
DA:54,11
DA:55,11
DA:56,44
DA:58,23
DA:60,11
LF:24
LH:24
BRDA:19,0,0,11
BRDA:19,0,1,2
BRDA:23,1,0,10
BRDA:23,1,1,1
BRDA:24,2,0,8
BRDA:24,2,1,2
BRDA:31,3,0,7
BRDA:31,3,1,6
BRDA:36,4,0,3
BRDA:36,4,1,2
BRDA:41,5,0,10
BRDA:41,5,1,8
BRF:12
BRH:12
end_of_record
TN:
SF:/Users/jcoy/workspace/redux-easy-actions-lib/src/redux-easy-actions.ts
FNF:0
FNH:0
DA:5,1
DA:6,1
DA:7,1
DA:9,1
LF:4
LH:4
BRF:0
BRH:0
end_of_record
